{
  "RSpec": {
    "coverage": {
      "/Users/brittanymartin/projects/bloc/roperxyz/BlocMetrics/spec/controllers/registered_applications_controller_spec.rb": [
        1,
        null,
        1,
        null,
        null
      ],
      "/Users/brittanymartin/projects/bloc/roperxyz/BlocMetrics/spec/rails_helper.rb": [
        null,
        1,
        1,
        null,
        1,
        1,
        1,
        1,
        1,
        null,
        null,
        null,
        null,
        null,
        null,
        null,
        null,
        null,
        null,
        null,
        null,
        null,
        null,
        null,
        null,
        null,
        null,
        null,
        1,
        1,
        null,
        1,
        null,
        1,
        null,
        null,
        null,
        null,
        1,
        null,
        null,
        null,
        null,
        null,
        null,
        null,
        null,
        null,
        null,
        null,
        null,
        null,
        null,
        1,
        null,
        null,
        1,
        null,
        null,
        1,
        1,
        null,
        null,
        null
      ],
      "/Users/brittanymartin/projects/bloc/roperxyz/BlocMetrics/config/environment.rb": [
        null,
        1,
        null,
        null,
        1
      ],
      "/Users/brittanymartin/projects/bloc/roperxyz/BlocMetrics/config/application.rb": [
        1,
        null,
        1,
        null,
        null,
        null,
        1,
        null,
        1,
        1,
        null,
        null,
        null,
        null,
        null
      ],
      "/Users/brittanymartin/projects/bloc/roperxyz/BlocMetrics/config/boot.rb": [
        1,
        null,
        1
      ],
      "/Users/brittanymartin/projects/bloc/roperxyz/BlocMetrics/config/environments/test.rb": [
        1,
        null,
        null,
        null,
        null,
        null,
        null,
        1,
        null,
        null,
        null,
        null,
        1,
        null,
        null,
        1,
        1,
        null,
        null,
        null,
        null,
        1,
        1,
        null,
        null,
        1,
        null,
        null,
        1,
        1,
        null,
        null,
        null,
        null,
        1,
        null,
        null,
        1,
        null,
        null,
        null,
        1,
        null
      ],
      "/Users/brittanymartin/projects/bloc/roperxyz/BlocMetrics/config/initializers/application_controller_renderer.rb": [
        null,
        null,
        null,
        null,
        null,
        null
      ],
      "/Users/brittanymartin/projects/bloc/roperxyz/BlocMetrics/config/initializers/assets.rb": [
        null,
        null,
        null,
        1,
        null,
        null,
        null,
        null,
        null,
        null,
        null
      ],
      "/Users/brittanymartin/projects/bloc/roperxyz/BlocMetrics/config/initializers/backtrace_silencers.rb": [
        null,
        null,
        null,
        null,
        null,
        null,
        null
      ],
      "/Users/brittanymartin/projects/bloc/roperxyz/BlocMetrics/config/initializers/cookies_serializer.rb": [
        null,
        null,
        null,
        null,
        1
      ],
      "/Users/brittanymartin/projects/bloc/roperxyz/BlocMetrics/config/initializers/devise.rb": [
        null,
        null,
        1,
        null,
        null,
        null,
        null,
        null,
        1,
        null,
        null,
        null,
        null,
        null,
        1,
        null,
        null,
        1,
        null,
        null,
        1,
        null,
        null,
        null,
        null,
        null,
        1,
        null,
        null,
        null,
        null,
        null,
        null,
        null,
        null,
        null,
        1,
        null,
        null,
        null,
        null,
        null,
        null,
        null,
        null,
        null,
        null,
        null,
        1,
        null,
        null,
        null,
        null,
        1,
        null,
        null,
        null,
        null,
        null,
        null,
        null,
        null,
        null,
        null,
        null,
        null,
        null,
        null,
        null,
        null,
        null,
        null,
        null,
        null,
        null,
        null,
        null,
        null,
        null,
        null,
        null,
        null,
        null,
        null,
        1,
        null,
        null,
        null,
        null,
        null,
        null,
        null,
        null,
        null,
        null,
        null,
        null,
        null,
        null,
        null,
        null,
        null,
        null,
        null,
        null,
        null,
        null,
        1,
        null,
        null,
        null,
        null,
        null,
        null,
        null,
        null,
        null,
        null,
        null,
        null,
        null,
        1,
        null,
        null,
        null,
        null,
        null,
        null,
        null,
        null,
        null,
        null,
        null,
        null,
        null,
        1,
        null,
        null,
        null,
        null,
        null,
        null,
        null,
        null,
        null,
        1,
        null,
        null,
        null,
        null,
        null,
        null,
        null,
        null,
        null,
        null,
        1,
        null,
        null,
        null,
        null,
        1,
        null,
        null,
        null,
        null,
        null,
        null,
        null,
        null,
        null,
        null,
        null,
        null,
        null,
        null,
        null,
        null,
        null,
        null,
        null,
        null,
        null,
        null,
        null,
        null,
        null,
        null,
        null,
        null,
        null,
        null,
        null,
        null,
        null,
        null,
        null,
        null,
        null,
        null,
        null,
        null,
        1,
        null,
        null,
        null,
        null,
        null,
        null,
        null,
        null,
        null,
        null,
        null,
        null,
        null,
        null,
        null,
        null,
        null,
        null,
        null,
        null,
        null,
        null,
        null,
        null,
        null,
        null,
        null,
        null,
        null,
        null,
        null,
        null,
        null,
        null,
        null,
        null,
        null,
        null,
        null,
        null,
        null,
        1,
        null,
        null,
        null,
        null,
        null,
        null,
        null,
        null,
        null,
        null,
        null,
        null,
        null,
        null,
        null,
        null,
        null,
        null,
        null,
        null,
        null,
        null,
        null,
        null,
        null,
        null,
        null,
        null,
        null
      ],
      "/Users/brittanymartin/projects/bloc/roperxyz/BlocMetrics/config/initializers/filter_parameter_logging.rb": [
        null,
        null,
        null,
        1
      ],
      "/Users/brittanymartin/projects/bloc/roperxyz/BlocMetrics/config/initializers/inflections.rb": [
        null,
        null,
        null,
        null,
        null,
        null,
        null,
        null,
        null,
        null,
        null,
        null,
        null,
        null,
        null,
        null
      ],
      "/Users/brittanymartin/projects/bloc/roperxyz/BlocMetrics/config/initializers/mime_types.rb": [
        null,
        null,
        null,
        null
      ],
      "/Users/brittanymartin/projects/bloc/roperxyz/BlocMetrics/config/initializers/new_framework_defaults.rb": [
        null,
        null,
        null,
        null,
        null,
        null,
        null,
        1,
        null,
        null,
        1,
        null,
        null,
        null,
        1,
        null,
        null,
        1,
        null,
        null,
        1,
        null,
        null,
        1
      ],
      "/Users/brittanymartin/projects/bloc/roperxyz/BlocMetrics/config/initializers/session_store.rb": [
        null,
        null,
        1
      ],
      "/Users/brittanymartin/projects/bloc/roperxyz/BlocMetrics/config/initializers/setup_mail.rb": [
        1,
        0,
        0,
        null,
        null,
        null,
        null,
        null,
        null,
        null,
        null,
        null
      ],
      "/Users/brittanymartin/projects/bloc/roperxyz/BlocMetrics/config/initializers/wrap_parameters.rb": [
        null,
        null,
        null,
        null,
        null,
        null,
        1,
        1,
        null,
        null,
        null,
        null,
        null,
        null
      ],
      "/Users/brittanymartin/projects/bloc/roperxyz/BlocMetrics/spec/factories/registered_applications.rb": [
        1,
        1,
        1,
        1,
        null,
        null
      ],
      "/Users/brittanymartin/projects/bloc/roperxyz/BlocMetrics/spec/factories/users.rb": [
        1,
        1,
        null,
        null,
        null
      ],
      "/Users/brittanymartin/projects/bloc/roperxyz/BlocMetrics/config/routes.rb": [
        1,
        null,
        1,
        null,
        1,
        1,
        null,
        null,
        1,
        null,
        1,
        null,
        null
      ],
      "/Users/brittanymartin/projects/bloc/roperxyz/BlocMetrics/app/models/user.rb": [
        1,
        null,
        null,
        1,
        null,
        null,
        1,
        null,
        null
      ],
      "/Users/brittanymartin/projects/bloc/roperxyz/BlocMetrics/app/models/application_record.rb": [
        1,
        1,
        null
      ],
      "/Users/brittanymartin/projects/bloc/roperxyz/BlocMetrics/app/helpers/application_helper.rb": [
        1,
        null
      ],
      "/Users/brittanymartin/projects/bloc/roperxyz/BlocMetrics/app/helpers/welcome_helper.rb": [
        1,
        null
      ],
      "/Users/brittanymartin/projects/bloc/roperxyz/BlocMetrics/app/controllers/registered_applications_controller.rb": [
        1,
        null,
        1,
        0,
        null,
        null,
        1,
        0,
        0,
        null,
        null,
        1,
        0,
        0,
        null,
        0,
        0,
        0,
        null,
        0,
        0,
        null,
        null,
        null,
        1,
        0,
        null,
        null,
        1,
        0,
        0,
        0,
        null,
        0,
        0,
        0,
        null,
        0,
        0,
        null,
        null,
        null,
        1,
        0,
        0,
        null,
        0,
        0,
        null,
        0,
        null,
        null,
        0,
        0,
        0,
        null,
        null,
        null,
        1,
        null,
        1,
        0,
        null,
        null,
        null
      ],
      "/Users/brittanymartin/projects/bloc/roperxyz/BlocMetrics/app/controllers/application_controller.rb": [
        1,
        1,
        1,
        null
      ],
      "/Users/brittanymartin/projects/bloc/roperxyz/BlocMetrics/spec/controllers/users_controller_spec.rb": [
        1,
        null,
        1,
        null,
        1,
        null,
        null,
        null
      ],
      "/Users/brittanymartin/projects/bloc/roperxyz/BlocMetrics/app/controllers/users_controller.rb": [
        1,
        null,
        1,
        0,
        0,
        null,
        null,
        null
      ],
      "/Users/brittanymartin/projects/bloc/roperxyz/BlocMetrics/spec/models/registered_application_spec.rb": [
        1,
        null,
        1,
        1,
        null
      ],
      "/Users/brittanymartin/projects/bloc/roperxyz/BlocMetrics/app/models/registered_application.rb": [
        1,
        1,
        null
      ],
      "/Users/brittanymartin/projects/bloc/roperxyz/BlocMetrics/spec/models/user_spec.rb": [
        1,
        null,
        1,
        1,
        null
      ]
    },
    "timestamp": 1471120894
  }
}
